  AesGestion.cpp
  chiffrement1.cpp
C:\Users\SNIR_admin\source\repos\chiffrement1\chiffrement1\chiffrement1.cpp(55,21): warning C4566: le caractère représenté par le nom de caractère universel '\uFFFD' ne peut pas être représenté dans la page de codes actuelle (1252)
C:\Users\SNIR_admin\source\repos\chiffrement1\chiffrement1\chiffrement1.cpp(61,25): warning C4566: le caractère représenté par le nom de caractère universel '\uFFFD' ne peut pas être représenté dans la page de codes actuelle (1252)
C:\Users\SNIR_admin\source\repos\chiffrement1\chiffrement1\chiffrement1.cpp(72,25): warning C4566: le caractère représenté par le nom de caractère universel '\uFFFD' ne peut pas être représenté dans la page de codes actuelle (1252)
C:\Users\SNIR_admin\source\repos\chiffrement1\chiffrement1\chiffrement1.cpp(106,25): warning C4566: le caractère représenté par le nom de caractère universel '\uFFFD' ne peut pas être représenté dans la page de codes actuelle (1252)
C:\Users\SNIR_admin\source\repos\chiffrement1\chiffrement1\chiffrement1.cpp(114,29): warning C4566: le caractère représenté par le nom de caractère universel '\uFFFD' ne peut pas être représenté dans la page de codes actuelle (1252)
C:\Users\SNIR_admin\source\repos\chiffrement1\chiffrement1\chiffrement1.cpp(119,29): warning C4566: le caractère représenté par le nom de caractère universel '\uFFFD' ne peut pas être représenté dans la page de codes actuelle (1252)
C:\Users\SNIR_admin\source\repos\chiffrement1\chiffrement1\chiffrement1.cpp(121,29): warning C4566: le caractère représenté par le nom de caractère universel '\uFFFD' ne peut pas être représenté dans la page de codes actuelle (1252)
C:\Users\SNIR_admin\source\repos\chiffrement1\chiffrement1\chiffrement1.cpp(127,29): warning C4566: le caractère représenté par le nom de caractère universel '\uFFFD' ne peut pas être représenté dans la page de codes actuelle (1252)
C:\Users\SNIR_admin\source\repos\chiffrement1\chiffrement1\chiffrement1.cpp(129,29): warning C4566: le caractère représenté par le nom de caractère universel '\uFFFD' ne peut pas être représenté dans la page de codes actuelle (1252)
C:\Users\SNIR_admin\source\repos\chiffrement1\chiffrement1\chiffrement1.cpp(142,25): warning C4566: le caractère représenté par le nom de caractère universel '\uFFFD' ne peut pas être représenté dans la page de codes actuelle (1252)
C:\Users\SNIR_admin\source\repos\chiffrement1\chiffrement1\chiffrement1.cpp(146,25): warning C4566: le caractère représenté par le nom de caractère universel '\uFFFD' ne peut pas être représenté dans la page de codes actuelle (1252)
C:\Users\SNIR_admin\source\repos\chiffrement1\chiffrement1\chiffrement1.cpp(159,33): warning C4566: le caractère représenté par le nom de caractère universel '\uFFFD' ne peut pas être représenté dans la page de codes actuelle (1252)
C:\Users\SNIR_admin\source\repos\chiffrement1\chiffrement1\chiffrement1.cpp(164,33): warning C4566: le caractère représenté par le nom de caractère universel '\uFFFD' ne peut pas être représenté dans la page de codes actuelle (1252)
C:\Users\SNIR_admin\source\repos\chiffrement1\chiffrement1\chiffrement1.cpp(166,33): warning C4566: le caractère représenté par le nom de caractère universel '\uFFFD' ne peut pas être représenté dans la page de codes actuelle (1252)
C:\Users\SNIR_admin\source\repos\chiffrement1\chiffrement1\chiffrement1.cpp(172,33): warning C4566: le caractère représenté par le nom de caractère universel '\uFFFD' ne peut pas être représenté dans la page de codes actuelle (1252)
C:\Users\SNIR_admin\source\repos\chiffrement1\chiffrement1\chiffrement1.cpp(174,33): warning C4566: le caractère représenté par le nom de caractère universel '\uFFFD' ne peut pas être représenté dans la page de codes actuelle (1252)
C:\Users\SNIR_admin\source\repos\chiffrement1\chiffrement1\chiffrement1.cpp(203,33): warning C4566: le caractère représenté par le nom de caractère universel '\uFFFD' ne peut pas être représenté dans la page de codes actuelle (1252)
C:\Users\SNIR_admin\source\repos\chiffrement1\chiffrement1\chiffrement1.cpp(219,25): warning C4566: le caractère représenté par le nom de caractère universel '\uFFFD' ne peut pas être représenté dans la page de codes actuelle (1252)
  HashGestion.cpp
  RsaGestion.cpp
  chiffrement1.vcxproj -> C:\Users\SNIR_admin\source\repos\chiffrement1\x64\Release\chiffrement1.lib
